[27/03/23 18:11:42] Error: PDOException: SQLSTATE[42S02]: Base table or view not found: 1146 Table 'bd_tagro.users' doesn't exist in C:\xampp\htdocs\PAGINAS\tagro_web\admin\php\database.php:43
Stack trace:
#0 C:\xampp\htdocs\PAGINAS\tagro_web\admin\php\database.php(43): PDOStatement->execute()
#1 C:\xampp\htdocs\PAGINAS\tagro_web\admin\php\Utilities\Model.php(343): Database->read('SELECT * FROM u...', Object(Closure))
#2 C:\xampp\htdocs\PAGINAS\tagro_web\admin\php\Usuarios\Usuario.php(123): Model->get()
#3 C:\xampp\htdocs\PAGINAS\tagro_web\admin\php\Usuarios\App.php(41): Usuario->login('dduenez', '123')
#4 {main}
[27/03/23 18:11:58] Error: PDOException: SQLSTATE[42S02]: Base table or view not found: 1146 Table 'bd_tagro.usua2rio' doesn't exist in C:\xampp\htdocs\PAGINAS\tagro_web\admin\php\database.php:43
Stack trace:
#0 C:\xampp\htdocs\PAGINAS\tagro_web\admin\php\database.php(43): PDOStatement->execute()
#1 C:\xampp\htdocs\PAGINAS\tagro_web\admin\php\Utilities\Model.php(343): Database->read('SELECT * FROM u...', Object(Closure))
#2 C:\xampp\htdocs\PAGINAS\tagro_web\admin\php\Usuarios\Usuario.php(123): Model->get()
#3 C:\xampp\htdocs\PAGINAS\tagro_web\admin\php\Usuarios\App.php(41): Usuario->login('dduenez', '123')
#4 {main}
[27/03/23 18:13:24] Error: PDOException: SQLSTATE[42S02]: Base table or view not found: 1146 Table 'bd_tagro.usua2rio' doesn't exist in C:\xampp\htdocs\PAGINAS\tagro_web\admin\php\database.php:43
Stack trace:
#0 C:\xampp\htdocs\PAGINAS\tagro_web\admin\php\database.php(43): PDOStatement->execute()
#1 C:\xampp\htdocs\PAGINAS\tagro_web\admin\php\Utilities\Model.php(343): Database->read('SELECT * FROM u...', Object(Closure))
#2 C:\xampp\htdocs\PAGINAS\tagro_web\admin\php\Usuarios\Usuario.php(123): Model->get()
#3 C:\xampp\htdocs\PAGINAS\tagro_web\admin\php\Usuarios\App.php(41): Usuario->login('dduenez', '123')
#4 {main}
[27/03/23 18:13:35] Error: PDOException: SQLSTATE[42S02]: Base table or view not found: 1146 Table 'bd_tagro.usua2rio' doesn't exist in C:\xampp\htdocs\PAGINAS\tagro_web\admin\php\database.php:43
Stack trace:
#0 C:\xampp\htdocs\PAGINAS\tagro_web\admin\php\database.php(43): PDOStatement->execute()
#1 C:\xampp\htdocs\PAGINAS\tagro_web\admin\php\Utilities\Model.php(343): Database->read('SELECT * FROM u...', Object(Closure))
#2 C:\xampp\htdocs\PAGINAS\tagro_web\admin\php\Usuarios\Usuario.php(123): Model->get()
#3 C:\xampp\htdocs\PAGINAS\tagro_web\admin\php\Usuarios\App.php(41): Usuario->login('dduenez', '123')
#4 {main}
[27/03/23 18:14:01] Error: PDOException: SQLSTATE[42S02]: Base table or view not found: 1146 Table 'bd_tagro.usua2rio' doesn't exist in C:\xampp\htdocs\PAGINAS\tagro_web\admin\php\database.php:43
Stack trace:
#0 C:\xampp\htdocs\PAGINAS\tagro_web\admin\php\database.php(43): PDOStatement->execute()
#1 C:\xampp\htdocs\PAGINAS\tagro_web\admin\php\Utilities\Model.php(343): Database->read('SELECT * FROM u...', Object(Closure))
#2 C:\xampp\htdocs\PAGINAS\tagro_web\admin\php\Usuarios\Usuario.php(123): Model->get()
#3 C:\xampp\htdocs\PAGINAS\tagro_web\admin\php\Usuarios\App.php(41): Usuario->login('dduenez', '123')
#4 {main}
[27/03/23 18:14:40] Error: PDOException: SQLSTATE[42S02]: Base table or view not found: 1146 Table 'bd_tagro.usua2rio' doesn't exist in C:\xampp\htdocs\PAGINAS\tagro_web\admin\php\database.php:43
Stack trace:
#0 C:\xampp\htdocs\PAGINAS\tagro_web\admin\php\database.php(43): PDOStatement->execute()
#1 C:\xampp\htdocs\PAGINAS\tagro_web\admin\php\Utilities\Model.php(343): Database->read('SELECT * FROM u...', Object(Closure))
#2 C:\xampp\htdocs\PAGINAS\tagro_web\admin\php\Usuarios\Usuario.php(123): Model->get()
#3 C:\xampp\htdocs\PAGINAS\tagro_web\admin\php\Usuarios\App.php(41): Usuario->login('dduenez', '123')
#4 {main}
[27/03/23 18:16:32] Error: PDOException: SQLSTATE[42S02]: Base table or view not found: 1146 Table 'bd_tagro.usua2rio' doesn't exist in C:\xampp\htdocs\PAGINAS\tagro_web\admin\php\database.php:43
Stack trace:
#0 C:\xampp\htdocs\PAGINAS\tagro_web\admin\php\database.php(43): PDOStatement->execute()
#1 C:\xampp\htdocs\PAGINAS\tagro_web\admin\php\Utilities\Model.php(343): Database->read('SELECT * FROM u...', Object(Closure))
#2 C:\xampp\htdocs\PAGINAS\tagro_web\admin\php\Usuarios\Usuario.php(123): Model->get()
#3 C:\xampp\htdocs\PAGINAS\tagro_web\admin\php\Usuarios\App.php(41): Usuario->login('dduenez', '123')
#4 {main}
